{"event": "Prometheus metrics enabled at /metrics", "app": "Oriane Search API", "version": "0.9.0", "environment": "development", "timestamp": "2025-08-18T06:42:22.082637Z", "level": "info", "logger": "app.middleware.monitoring"}
{"event": "Application Oriane Search API initialized successfully", "app": "Oriane Search API", "version": "0.9.0", "environment": "development", "timestamp": "2025-08-18T06:42:22.213398Z", "level": "info", "logger": "app.main"}
{"project_name": "Oriane Search API", "version": "0.9.0", "environment": "development", "event": "Application starting up", "app": "Oriane Search API", "timestamp": "2025-08-18T06:42:22.220298Z", "level": "info", "logger": "app.main"}
{"event": "AsyncOrianeExtractionSDK created, starting background initialization...", "app": "Oriane Search API", "version": "0.9.0", "environment": "development", "timestamp": "2025-08-18T06:42:22.221698Z", "level": "info", "logger": "app.main"}
{"error": "AsyncOrianeExtractionSDK.start_background_initialization() takes 1 positional argument but 2 were given", "event": "\u274c Failed to initialize AsyncOrianeExtractionSDK", "app": "Oriane Search API", "version": "0.9.0", "environment": "development", "timestamp": "2025-08-18T06:42:22.222720Z", "level": "error", "logger": "app.main", "exception": [{"exc_type": "TypeError", "exc_value": "AsyncOrianeExtractionSDK.start_background_initialization() takes 1 positional argument but 2 were given", "syntax_error": null, "is_cause": false, "frames": [{"filename": "/home/quantium/labs/oriane/OrianeSearch-fastapi/app/main.py", "lineno": 111, "name": "lifespan", "line": "", "locals": {"app": "<fastapi.applications.FastAPI object at 0x72beeb6cab70>", "settings": "\"Settings(PROJECT_NAME='Oriane Search API', PROJECT_DESCRIPTION='Oriane Search AP\"+1501", "progress_callback": "<function lifespan.<locals>.progress_callback at 0x72beeb6f1ee0>", "e": "\"TypeError('AsyncOrianeExtractionSDK.start_background_initialization() takes 1 po\"+36", "logger": "'<BoundLoggerLazyProxy(logger=None, wrapper_class=None, processors=None, context_'+66"}}]}]}
{"broker_connected": false, "workers_online": 0, "event": "Celery integration initialized", "app": "Oriane Search API", "version": "0.9.0", "environment": "development", "timestamp": "2025-08-18T06:42:25.528031Z", "level": "info", "logger": "app.main"}
{"event": "Signal handlers registered for graceful shutdown", "app": "Oriane Search API", "version": "0.9.0", "environment": "development", "timestamp": "2025-08-18T06:42:25.532167Z", "level": "info", "logger": "app.main"}
{"event": "Application startup completed successfully", "app": "Oriane Search API", "version": "0.9.0", "environment": "development", "timestamp": "2025-08-18T06:42:25.534734Z", "level": "info", "logger": "app.main"}
{"event": "Received SIGTERM signal, initiating graceful shutdown...", "app": "Oriane Search API", "version": "0.9.0", "environment": "development", "timestamp": "2025-08-18T06:44:02.157769Z", "level": "info", "logger": "app.main"}
{"event": "Signal handler completed", "app": "Oriane Search API", "version": "0.9.0", "environment": "development", "timestamp": "2025-08-18T06:44:02.158563Z", "level": "info", "logger": "app.main"}
{"event": "Application shutting down...", "app": "Oriane Search API", "version": "0.9.0", "environment": "development", "timestamp": "2025-08-18T06:44:02.296335Z", "level": "info", "logger": "app.main"}
{"event": "Closing Celery connections...", "app": "Oriane Search API", "version": "0.9.0", "environment": "development", "timestamp": "2025-08-18T06:44:02.297112Z", "level": "info", "logger": "app.main"}
{"event": "\u2705 Celery connections closed", "app": "Oriane Search API", "version": "0.9.0", "environment": "development", "timestamp": "2025-08-18T06:44:02.299813Z", "level": "info", "logger": "app.main"}
{"event": "Application shutdown completed", "app": "Oriane Search API", "version": "0.9.0", "environment": "development", "timestamp": "2025-08-18T06:44:02.300444Z", "level": "info", "logger": "app.main"}
{"event": "Prometheus metrics enabled at /metrics", "app": "Oriane Search API", "version": "0.9.0", "environment": "development", "timestamp": "2025-08-18T06:44:17.940506Z", "level": "info", "logger": "app.middleware.monitoring"}
{"event": "Application Oriane Search API initialized successfully", "app": "Oriane Search API", "version": "0.9.0", "environment": "development", "timestamp": "2025-08-18T06:44:18.076693Z", "level": "info", "logger": "app.main"}
{"project_name": "Oriane Search API", "version": "0.9.0", "environment": "development", "event": "Application starting up", "app": "Oriane Search API", "timestamp": "2025-08-18T06:44:18.082257Z", "level": "info", "logger": "app.main"}
{"event": "AsyncOrianeExtractionSDK created, starting background initialization...", "app": "Oriane Search API", "version": "0.9.0", "environment": "development", "timestamp": "2025-08-18T06:44:18.083119Z", "level": "info", "logger": "app.main"}
{"error": "AsyncOrianeExtractionSDK.start_background_initialization() takes 1 positional argument but 2 were given", "event": "\u274c Failed to initialize AsyncOrianeExtractionSDK", "app": "Oriane Search API", "version": "0.9.0", "environment": "development", "timestamp": "2025-08-18T06:44:18.083852Z", "level": "error", "logger": "app.main", "exception": [{"exc_type": "TypeError", "exc_value": "AsyncOrianeExtractionSDK.start_background_initialization() takes 1 positional argument but 2 were given", "syntax_error": null, "is_cause": false, "frames": [{"filename": "/home/quantium/labs/oriane/OrianeSearch-fastapi/app/main.py", "lineno": 111, "name": "lifespan", "line": "", "locals": {"app": "<fastapi.applications.FastAPI object at 0x7ff586bbeb40>", "settings": "\"Settings(PROJECT_NAME='Oriane Search API', PROJECT_DESCRIPTION='Oriane Search AP\"+1501", "progress_callback": "<function lifespan.<locals>.progress_callback at 0x7ff586be5ee0>", "e": "\"TypeError('AsyncOrianeExtractionSDK.start_background_initialization() takes 1 po\"+36", "logger": "'<BoundLoggerLazyProxy(logger=None, wrapper_class=None, processors=None, context_'+66"}}]}]}
{"broker_connected": false, "workers_online": 0, "event": "Celery integration initialized", "app": "Oriane Search API", "version": "0.9.0", "environment": "development", "timestamp": "2025-08-18T06:44:21.550609Z", "level": "info", "logger": "app.main"}
{"event": "Signal handlers registered for graceful shutdown", "app": "Oriane Search API", "version": "0.9.0", "environment": "development", "timestamp": "2025-08-18T06:44:21.551482Z", "level": "info", "logger": "app.main"}
{"event": "Application startup completed successfully", "app": "Oriane Search API", "version": "0.9.0", "environment": "development", "timestamp": "2025-08-18T06:44:21.552048Z", "level": "info", "logger": "app.main"}
{"event": "Failed to generate embeddings: SDK error", "app": "Oriane Search API", "version": "0.9.0", "environment": "development", "timestamp": "2025-08-18T06:49:34.680244Z", "level": "error", "logger": "app.services.embeddings_service"}
{"event": "Failed to create Qdrant client: Connection failed", "app": "Oriane Search API", "version": "0.9.0", "environment": "development", "timestamp": "2025-08-18T06:49:35.163967Z", "level": "error", "logger": "app.services.qdrant_service"}
{"event": "Search failed: Connection timeout", "app": "Oriane Search API", "version": "0.9.0", "environment": "development", "timestamp": "2025-08-18T06:49:35.249436Z", "level": "error", "logger": "app.services.qdrant_service"}
{"event": "Attempt 1 failed for search: Search operation failed: Connection timeout. Retrying in 1.0s...", "app": "Oriane Search API", "version": "0.9.0", "environment": "development", "timestamp": "2025-08-18T06:49:35.250601Z", "level": "warning", "logger": "app.services.qdrant_service"}
{"event": "Search failed: Connection timeout", "app": "Oriane Search API", "version": "0.9.0", "environment": "development", "timestamp": "2025-08-18T06:49:36.252278Z", "level": "error", "logger": "app.services.qdrant_service"}
{"event": "Attempt 2 failed for search: Search operation failed: Connection timeout. Retrying in 2.0s...", "app": "Oriane Search API", "version": "0.9.0", "environment": "development", "timestamp": "2025-08-18T06:49:36.253197Z", "level": "warning", "logger": "app.services.qdrant_service"}
{"event": "Search failed: Connection timeout", "app": "Oriane Search API", "version": "0.9.0", "environment": "development", "timestamp": "2025-08-18T06:49:38.254423Z", "level": "error", "logger": "app.services.qdrant_service"}
{"event": "Attempt 3 failed for search: Search operation failed: Connection timeout. Retrying in 4.0s...", "app": "Oriane Search API", "version": "0.9.0", "environment": "development", "timestamp": "2025-08-18T06:49:38.255258Z", "level": "warning", "logger": "app.services.qdrant_service"}
{"event": "Search failed: Connection timeout", "app": "Oriane Search API", "version": "0.9.0", "environment": "development", "timestamp": "2025-08-18T06:49:42.256796Z", "level": "error", "logger": "app.services.qdrant_service"}
{"event": "Qdrant health check failed: Connection failed", "app": "Oriane Search API", "version": "0.9.0", "environment": "development", "timestamp": "2025-08-18T06:49:42.560868Z", "level": "error", "logger": "app.services.qdrant_service"}
{"event": "Error closing Qdrant client: Close error", "app": "Oriane Search API", "version": "0.9.0", "environment": "development", "timestamp": "2025-08-18T06:49:42.600300Z", "level": "warning", "logger": "app.services.qdrant_service"}
{"event": "Attempt 1 failed for test_func: Temporary failure. Retrying in 0.1s...", "app": "Oriane Search API", "version": "0.9.0", "environment": "development", "timestamp": "2025-08-18T06:49:42.641783Z", "level": "warning", "logger": "app.services.qdrant_service"}
{"event": "Attempt 2 failed for test_func: Temporary failure. Retrying in 0.2s...", "app": "Oriane Search API", "version": "0.9.0", "environment": "development", "timestamp": "2025-08-18T06:49:42.743292Z", "level": "warning", "logger": "app.services.qdrant_service"}
{"event": "Attempt 1 failed for test_func: Persistent failure. Retrying in 0.1s...", "app": "Oriane Search API", "version": "0.9.0", "environment": "development", "timestamp": "2025-08-18T06:49:42.957910Z", "level": "warning", "logger": "app.services.qdrant_service"}
{"event": "Attempt 2 failed for test_func: Persistent failure. Retrying in 0.2s...", "app": "Oriane Search API", "version": "0.9.0", "environment": "development", "timestamp": "2025-08-18T06:49:43.059525Z", "level": "warning", "logger": "app.services.qdrant_service"}
{"event": "Failed to initialize S3Service: Connection failed", "app": "Oriane Search API", "version": "0.9.0", "environment": "development", "timestamp": "2025-08-18T06:49:43.318996Z", "level": "error", "logger": "app.services.s3_service"}
{"event": "Failed to upload to S3: Access denied", "app": "Oriane Search API", "version": "0.9.0", "environment": "development", "timestamp": "2025-08-18T06:49:43.387555Z", "level": "error", "logger": "app.services.s3_service"}
{"event": "Unexpected error during upload to S3: Unexpected error", "app": "Oriane Search API", "version": "0.9.0", "environment": "development", "timestamp": "2025-08-18T06:49:43.415325Z", "level": "error", "logger": "app.services.s3_service"}
{"event": "Failed to download from S3: Not found", "app": "Oriane Search API", "version": "0.9.0", "environment": "development", "timestamp": "2025-08-18T06:49:43.503243Z", "level": "error", "logger": "app.services.s3_service"}
{"event": "Failed to delete from S3: Access denied", "app": "Oriane Search API", "version": "0.9.0", "environment": "development", "timestamp": "2025-08-18T06:49:43.546062Z", "level": "error", "logger": "app.services.s3_service"}
{"event": "Error checking file existence: Access denied", "app": "Oriane Search API", "version": "0.9.0", "environment": "development", "timestamp": "2025-08-18T06:49:43.610865Z", "level": "error", "logger": "app.services.s3_service"}
{"event": "Failed to generate presigned URL: Access denied", "app": "Oriane Search API", "version": "0.9.0", "environment": "development", "timestamp": "2025-08-18T06:49:43.672838Z", "level": "error", "logger": "app.services.s3_service"}
{"event": "S3Service health check failed: Connection failed", "app": "Oriane Search API", "version": "0.9.0", "environment": "development", "timestamp": "2025-08-18T06:49:43.714424Z", "level": "error", "logger": "app.services.s3_service"}
